<?xml version="1.0" encoding="UTF-8"?>
<!-- Generated by org.testng.reporters.JUnitReportReporter -->
<testsuite hostname="1c10ebb3b98f" failures="0" tests="20" name="Tests.FlightRegistrationTests.FlightBookingTest" time="88.283" errors="0" timestamp="2025-07-05T15:22:57 GMT" skipped="0">
  <testcase classname="Tests.FlightRegistrationTests.FlightBookingTest" name="successRegistration" time="2.229"/>
  <testcase classname="Tests.FlightRegistrationTests.FlightBookingTest" name="successRegistration" time="2.685"/>
  <testcase classname="Tests.FlightRegistrationTests.FlightBookingTest" name="Registration" time="12.287"/>
  <testcase classname="Tests.FlightRegistrationTests.FlightBookingTest" name="selectFlights" time="1.545"/>
  <testcase classname="Tests.FlightRegistrationTests.FlightBookingTest" name="Registration" time="13.589"/>
  <testcase classname="Tests.FlightRegistrationTests.FlightBookingTest" name="Registration" time="12.303"/>
  <testcase classname="Tests.FlightRegistrationTests.FlightBookingTest" name="searchFlight" time="2.559"/>
  <testcase classname="Tests.FlightRegistrationTests.FlightBookingTest" name="Registration" time="13.613"/>
  <testcase classname="Tests.FlightRegistrationTests.FlightBookingTest" name="flightConfirmationPage" time="0.435"/>
  <testcase classname="Tests.FlightRegistrationTests.FlightBookingTest" name="successRegistration" time="2.732"/>
  <testcase classname="Tests.FlightRegistrationTests.FlightBookingTest" name="searchFlight" time="3.709"/>
  <testcase classname="Tests.FlightRegistrationTests.FlightBookingTest" name="successRegistration" time="2.263"/>
  <testcase classname="Tests.FlightRegistrationTests.FlightBookingTest" name="searchFlight" time="3.846"/>
  <testcase classname="Tests.FlightRegistrationTests.FlightBookingTest" name="selectFlights" time="2.331"/>
  <testcase classname="Tests.FlightRegistrationTests.FlightBookingTest" name="flightConfirmationPage" time="1.318"/>
  <testcase classname="Tests.FlightRegistrationTests.FlightBookingTest" name="selectFlights" time="1.493"/>
  <testcase classname="Tests.FlightRegistrationTests.FlightBookingTest" name="selectFlights" time="1.826"/>
  <testcase classname="Tests.FlightRegistrationTests.FlightBookingTest" name="flightConfirmationPage" time="0.657"/>
  <testcase classname="Tests.FlightRegistrationTests.FlightBookingTest" name="flightConfirmationPage" time="1.249"/>
  <testcase classname="Tests.FlightRegistrationTests.FlightBookingTest" name="searchFlight" time="5.614"/>
</testsuite> <!-- Tests.FlightRegistrationTests.FlightBookingTest -->
